  winhack.c
  mswproc.c
  mhtext.c
  mhstatus.c
  mhsplash.c
  mhrip.c
  mhmsgwnd.c
  mhmenu.c
  mhmap.c
  mhmain.c
  mhinput.c
  mhfont.c
  mhdlg.c
  mhaskyn.c
  winnt.c
  ntsound.c
  random.c
  pcunix.c
  pcsys.c
  pcmain.c
  Generating Code...
  Compiling...
  nhlan.c
  zap.c
  write.c
  worn.c
  worm.c
  wizard.c
  windows.c
  wield.c
  were.c
  weapon.c
  vision.c
  vis_tab.c
  version.c
  vault.c
  uhitm.c
  u_init.c
  trap.c
  track.c
  topten.c
  timeout.c
  Generating Code...
  Compiling...
  tile.c
  teleport.c
  sys.c
  steed.c
  steal.c
  spell.c
  sp_lev.c
  sounds.c
  sit.c
  shknam.c
  shk.c
  save.c
  rumors.c
  role.c
  rnd.c
  rip.c
  restore.c
  region.c
  rect.c
  read.c
  Generating Code...
  Compiling...
  questpgr.c
  quest.c
  priest.c
  pray.c
  potion.c
  polyself.c
  pline.c
  pickup.c
  pager.c
  options.c
  objnam.c
  o_init.c
  music.c
  muse.c
  mthrowu.c
  mplayer.c
  monstr.c
  monst.c
  monmove.c
  mondata.c
  Generating Code...
  Compiling...
  mon.c
  mkroom.c
  mkobj.c
  mkmaze.c
  mkmap.c
  mklev.c
  minion.c
  mhitu.c
  mhitm.c
  mcastu.c
  mapglyph.c
  makemon.c
  mail.c
  lock.c
  light.c
  invent.c
  hacklib.c
  hack.c
  fountain.c
  files.c
  Generating Code...
  Compiling...
  extralev.c
  explode.c
  exper.c
  engrave.c
  end.c
  eat.c
  dungeon.c
  drawing.c
  dothrow.c
  dokick.c
  dogmove.c
  dog.c
  do_wear.c
  do_name.c
  do.c
  display.c
  dig.c
  detect.c
  decl.c
  dbridge.c
  Generating Code...
  Compiling...
  cmd.c
  botl.c
  bones.c
  ball.c
  attrib.c
  artifact.c
  apply.c
  allmain.c
  Generating Code...
  Skipping... (no relevant changes detected)
  cppregex.cpp
  stubs.c
  NetHackW.vcxproj -> C:\Users\Jose\NetHack\win\win32\vs2017\..\..\..\bin\Debug\Win32\NetHackW.exe
